<?xml version="1.0" encoding="UTF-8"?>
<coverage generated="1781258097912" clover="3.2.0">
  <project timestamp="1781258097912" name="All files">
    <metrics statements="6" coveredstatements="5" conditionals="0" coveredconditionals="0" methods="3" coveredmethods="2" elements="9" coveredelements="7" complexity="0" loc="6" ncloc="6" packages="1" files="2" classes="2"/>
    <file name="InactiveRedirectionStrategy.ts" path="C:\Users\enesm\Documents\nfc-tag-manager\src\services\strategies\InactiveRedirectionStrategy.ts">
      <metrics statements="2" coveredstatements="2" conditionals="0" coveredconditionals="0" methods="1" coveredmethods="1"/>
      <line num="4" count="1" type="stmt"/>
      <line num="6" count="1" type="stmt"/>
    </file>
    <file name="RedirectionStrategy.ts" path="C:\Users\enesm\Documents\nfc-tag-manager\src\services\strategies\RedirectionStrategy.ts">
      <metrics statements="4" coveredstatements="3" conditionals="0" coveredconditionals="0" methods="2" coveredmethods="1"/>
      <line num="10" count="1" type="stmt"/>
      <line num="13" count="1" type="stmt"/>
      <line num="17" count="1" type="stmt"/>
      <line num="20" count="0" type="stmt"/>
    </file>
  </project>
</coverage>
