{"C:\\Users\\enesm\\Documents\\nfc-tag-manager\\src\\services\\strategies\\InactiveRedirectionStrategy.ts": {"path":"C:\\Users\\enesm\\Documents\\nfc-tag-manager\\src\\services\\strategies\\InactiveRedirectionStrategy.ts","statementMap":{"0":{"start":{"line":6,"column":4},"end":{"line":6,"column":45}},"1":{"start":{"line":4,"column":0},"end":{"line":4,"column":13}}},"fnMap":{"0":{"name":"(anonymous_0)","decl":{"start":{"line":5,"column":2},"end":{"line":5,"column":16}},"loc":{"start":{"line":5,"column":26},"end":{"line":7,"column":3}}}},"branchMap":{},"s":{"0":1,"1":1},"f":{"0":1},"b":{}}
,"C:\\Users\\enesm\\Documents\\nfc-tag-manager\\src\\services\\strategies\\RedirectionStrategy.ts": {"path":"C:\\Users\\enesm\\Documents\\nfc-tag-manager\\src\\services\\strategies\\RedirectionStrategy.ts","statementMap":{"0":{"start":{"line":13,"column":4},"end":{"line":13,"column":25}},"1":{"start":{"line":10,"column":0},"end":{"line":10,"column":13}},"2":{"start":{"line":20,"column":4},"end":{"line":20,"column":53}},"3":{"start":{"line":17,"column":0},"end":{"line":17,"column":13}}},"fnMap":{"0":{"name":"(anonymous_0)","decl":{"start":{"line":11,"column":2},"end":{"line":11,"column":16}},"loc":{"start":{"line":11,"column":25},"end":{"line":14,"column":3}}},"1":{"name":"(anonymous_1)","decl":{"start":{"line":18,"column":2},"end":{"line":18,"column":16}},"loc":{"start":{"line":18,"column":25},"end":{"line":21,"column":3}}}},"branchMap":{},"s":{"0":1,"1":1,"2":0,"3":1},"f":{"0":1,"1":0},"b":{}}
}
